[2.046s] [34mcolcon[0m [1;30mDEBUG[0m [32mCommand line arguments: ['/usr/bin/colcon', 'build'][0m
[2.046s] [34mcolcon[0m [1;30mDEBUG[0m [32mParsed command line arguments: Namespace(log_base=None, log_level=None, verb_name='build', build_base='build', install_base='install', merge_install=False, symlink_install=False, test_result_base=None, continue_on_error=False, executor='parallel', parallel_workers=12, event_handlers=None, ignore_user_meta=False, metas=['./colcon.meta'], base_paths=['.'], packages_ignore=None, packages_ignore_regex=None, paths=None, packages_up_to=None, packages_up_to_regex=None, packages_above=None, packages_above_and_dependencies=None, packages_above_depth=None, packages_select_by_dep=None, packages_skip_by_dep=None, packages_skip_up_to=None, packages_select_build_failed=False, packages_skip_build_finished=False, packages_select_test_failures=False, packages_skip_test_passed=False, packages_select=None, packages_skip=None, packages_select_regex=None, packages_skip_regex=None, packages_start=None, packages_end=None, allow_overriding=[], cmake_args=None, cmake_target=None, cmake_target_skip_unavailable=False, cmake_clean_cache=False, cmake_clean_first=False, cmake_force_configure=False, ament_cmake_args=None, catkin_cmake_args=None, catkin_skip_building_tests=False, verb_parser=<colcon_defaults.argument_parser.defaults.DefaultArgumentsDecorator object at 0x7f4237a529b0>, verb_extension=<colcon_core.verb.build.BuildVerb object at 0x7f4237abbac0>, main=<bound method BuildVerb.main of <colcon_core.verb.build.BuildVerb object at 0x7f4237abbac0>>)[0m
[2.128s] [34mcolcon.colcon_core.package_discovery[0m [1;30mLevel 1[0m discover_packages(colcon_meta) check parameters
[2.128s] [34mcolcon.colcon_core.package_discovery[0m [1;30mLevel 1[0m discover_packages(recursive) check parameters
[2.128s] [34mcolcon.colcon_core.package_discovery[0m [1;30mLevel 1[0m discover_packages(ignore) check parameters
[2.128s] [34mcolcon.colcon_core.package_discovery[0m [1;30mLevel 1[0m discover_packages(path) check parameters
[2.129s] [34mcolcon.colcon_core.package_discovery[0m [1;30mLevel 1[0m discover_packages(colcon_meta) discover
[2.130s] [34mcolcon.colcon_core.package_discovery[0m [1;30mLevel 1[0m discover_packages(recursive) discover
[2.130s] [34mcolcon.colcon_core.package_discovery[0m [1;30mINFO[0m Crawling recursively for packages in '/doc/code/ROBO/obstacle_detector/src/obstacle_detector'
[2.131s] [34mcolcon.colcon_core.package_identification[0m [1;30mLevel 1[0m _identify(.) by extensions ['ignore', 'ignore_ament_install']
[2.131s] [34mcolcon.colcon_core.package_identification[0m [1;30mLevel 1[0m _identify(.) by extension 'ignore'
[2.131s] [34mcolcon.colcon_core.package_identification[0m [1;30mLevel 1[0m _identify(.) by extension 'ignore_ament_install'
[2.131s] [34mcolcon.colcon_core.package_identification[0m [1;30mLevel 1[0m _identify(.) by extensions ['colcon_pkg']
[2.131s] [34mcolcon.colcon_core.package_identification[0m [1;30mLevel 1[0m _identify(.) by extension 'colcon_pkg'
[2.131s] [34mcolcon.colcon_core.package_identification[0m [1;30mLevel 1[0m _identify(.) by extensions ['colcon_meta']
[2.131s] [34mcolcon.colcon_core.package_identification[0m [1;30mLevel 1[0m _identify(.) by extension 'colcon_meta'
[2.131s] [34mcolcon.colcon_core.package_identification[0m [1;30mLevel 1[0m _identify(.) by extensions ['ros']
[2.131s] [34mcolcon.colcon_core.package_identification[0m [1;30mLevel 1[0m _identify(.) by extension 'ros'
[2.148s] [34mcolcon.colcon_core.package_identification[0m [1;30mDEBUG[0m [32mPackage '.' with type 'ros.ament_python' and name 'obstacle_detector'[0m
[2.148s] [34mcolcon.colcon_core.package_discovery[0m [1;30mLevel 1[0m discover_packages(recursive) using defaults
[2.148s] [34mcolcon.colcon_core.package_discovery[0m [1;30mLevel 1[0m discover_packages(ignore) discover
[2.148s] [34mcolcon.colcon_core.package_discovery[0m [1;30mLevel 1[0m discover_packages(ignore) using defaults
[2.148s] [34mcolcon.colcon_core.package_discovery[0m [1;30mLevel 1[0m discover_packages(path) discover
[2.148s] [34mcolcon.colcon_core.package_discovery[0m [1;30mLevel 1[0m discover_packages(path) using defaults
[2.330s] [34mcolcon.colcon_core.package_discovery[0m [1;30mLevel 1[0m discover_packages(prefix_path) check parameters
[2.330s] [34mcolcon.colcon_core.package_discovery[0m [1;30mLevel 1[0m discover_packages(prefix_path) discover
[2.391s] [34mcolcon.colcon_installed_package_information.package_discovery[0m [1;30mDEBUG[0m [32mFound 1 installed packages in /doc/code/ROBO/cloud_transform/install[0m
[2.421s] [34mcolcon.colcon_installed_package_information.package_discovery[0m [1;30mDEBUG[0m [32mFound 1 installed packages in /doc/code/ROBO/matplotlib_vis/install[0m
[2.451s] [34mcolcon.colcon_installed_package_information.package_discovery[0m [1;30mDEBUG[0m [32mFound 1 installed packages in /doc/code/ROBO/rtk_navigation/install[0m
[2.482s] [34mcolcon.colcon_installed_package_information.package_discovery[0m [1;30mDEBUG[0m [32mFound 1 installed packages in /doc/code/ROBO/rtk_localization/install[0m
[2.513s] [34mcolcon.colcon_installed_package_information.package_discovery[0m [1;30mDEBUG[0m [32mFound 1 installed packages in /doc/code/ROBO/handy/install[0m
[2.545s] [34mcolcon.colcon_installed_package_information.package_discovery[0m [1;30mDEBUG[0m [32mFound 1 installed packages in /doc/code/ROBO/webots_ros2_pioneer3at/install[0m
[2.575s] [34mcolcon.colcon_installed_package_information.package_discovery[0m [1;30mDEBUG[0m [32mFound 1 installed packages in /doc/code/ROBO/obstacle_detector/install[0m
[2.607s] [34mcolcon.colcon_installed_package_information.package_discovery[0m [1;30mDEBUG[0m [32mFound 421 installed packages in /opt/ros/humble[0m
[2.610s] [34mcolcon.colcon_core.package_discovery[0m [1;30mLevel 1[0m discover_packages(prefix_path) using defaults
[2.799s] [34mcolcon.colcon_core.verb[0m [1;30mLevel 5[0m set package 'obstacle_detector' build argument 'cmake_args' from command line to 'None'
[2.799s] [34mcolcon.colcon_core.verb[0m [1;30mLevel 5[0m set package 'obstacle_detector' build argument 'cmake_target' from command line to 'None'
[2.799s] [34mcolcon.colcon_core.verb[0m [1;30mLevel 5[0m set package 'obstacle_detector' build argument 'cmake_target_skip_unavailable' from command line to 'False'
[2.799s] [34mcolcon.colcon_core.verb[0m [1;30mLevel 5[0m set package 'obstacle_detector' build argument 'cmake_clean_cache' from command line to 'False'
[2.799s] [34mcolcon.colcon_core.verb[0m [1;30mLevel 5[0m set package 'obstacle_detector' build argument 'cmake_clean_first' from command line to 'False'
[2.799s] [34mcolcon.colcon_core.verb[0m [1;30mLevel 5[0m set package 'obstacle_detector' build argument 'cmake_force_configure' from command line to 'False'
[2.799s] [34mcolcon.colcon_core.verb[0m [1;30mLevel 5[0m set package 'obstacle_detector' build argument 'ament_cmake_args' from command line to 'None'
[2.800s] [34mcolcon.colcon_core.verb[0m [1;30mLevel 5[0m set package 'obstacle_detector' build argument 'catkin_cmake_args' from command line to 'None'
[2.800s] [34mcolcon.colcon_core.verb[0m [1;30mLevel 5[0m set package 'obstacle_detector' build argument 'catkin_skip_building_tests' from command line to 'False'
[2.800s] [34mcolcon.colcon_core.verb[0m [1;30mDEBUG[0m [32mBuilding package 'obstacle_detector' with the following arguments: {'ament_cmake_args': None, 'build_base': '/doc/code/ROBO/obstacle_detector/src/obstacle_detector/build/obstacle_detector', 'catkin_cmake_args': None, 'catkin_skip_building_tests': False, 'cmake_args': None, 'cmake_clean_cache': False, 'cmake_clean_first': False, 'cmake_force_configure': False, 'cmake_target': None, 'cmake_target_skip_unavailable': False, 'install_base': '/doc/code/ROBO/obstacle_detector/src/obstacle_detector/install/obstacle_detector', 'merge_install': False, 'path': '/doc/code/ROBO/obstacle_detector/src/obstacle_detector', 'symlink_install': False, 'test_result_base': None}[0m
[2.830s] [34mcolcon.colcon_core.executor[0m [1;30mINFO[0m Executing jobs using 'parallel' executor
[2.861s] [34mcolcon.colcon_parallel_executor.executor.parallel[0m [1;30mDEBUG[0m [32mrun_until_complete[0m
[2.862s] [34mcolcon.colcon_ros.task.ament_python.build[0m [1;30mINFO[0m Building ROS package in '/doc/code/ROBO/obstacle_detector/src/obstacle_detector' with build type 'ament_python'
[2.862s] [34mcolcon.colcon_core.shell[0m [1;30mLevel 1[0m create_environment_hook('obstacle_detector', 'ament_prefix_path')
[2.894s] [34mcolcon.colcon_core.plugin_system[0m [1;30mINFO[0m Skipping extension 'colcon_core.shell.bat': Not used on non-Windows systems
[2.894s] [34mcolcon.colcon_core.shell[0m [1;30mINFO[0m Creating environment hook '/doc/code/ROBO/obstacle_detector/src/obstacle_detector/install/obstacle_detector/share/obstacle_detector/hook/ament_prefix_path.ps1'
[2.895s] [34mcolcon.colcon_core.shell[0m [1;30mINFO[0m Creating environment descriptor '/doc/code/ROBO/obstacle_detector/src/obstacle_detector/install/obstacle_detector/share/obstacle_detector/hook/ament_prefix_path.dsv'
[2.896s] [34mcolcon.colcon_core.shell[0m [1;30mINFO[0m Creating environment hook '/doc/code/ROBO/obstacle_detector/src/obstacle_detector/install/obstacle_detector/share/obstacle_detector/hook/ament_prefix_path.sh'
[2.926s] [34mcolcon.colcon_core.shell[0m [1;30mINFO[0m Skip shell extension 'powershell' for command environment: Not usable outside of PowerShell
[2.926s] [34mcolcon.colcon_core.shell[0m [1;30mDEBUG[0m [32mSkip shell extension 'dsv' for command environment[0m
[3.647s] [34mcolcon.colcon_core.task.python.build[0m [1;30mINFO[0m Building Python package in '/doc/code/ROBO/obstacle_detector/src/obstacle_detector'
[3.678s] [34mcolcon.colcon_core.shell[0m [1;30mINFO[0m Skip shell extension 'powershell' for command environment: Not usable outside of PowerShell
[3.678s] [34mcolcon.colcon_core.shell[0m [1;30mDEBUG[0m [32mSkip shell extension 'dsv' for command environment[0m
[4.592s] [34mcolcon.colcon_core.event_handler.log_command[0m [1;30mDEBUG[0m [32mInvoking command in '/doc/code/ROBO/obstacle_detector/src/obstacle_detector': PYTHONPATH=/doc/code/ROBO/obstacle_detector/src/obstacle_detector/build/obstacle_detector/prefix_override:/doc/code/ROBO/obstacle_detector/src/obstacle_detector/install/obstacle_detector/lib/python3.10/site-packages:${PYTHONPATH} /usr/bin/python3 setup.py egg_info --egg-base build/obstacle_detector build --build-base /doc/code/ROBO/obstacle_detector/src/obstacle_detector/build/obstacle_detector/build install --record /doc/code/ROBO/obstacle_detector/src/obstacle_detector/build/obstacle_detector/install.log --single-version-externally-managed[0m
[5.105s] [34mcolcon.colcon_core.event_handler.log_command[0m [1;30mDEBUG[0m [32mInvoked command in '/doc/code/ROBO/obstacle_detector/src/obstacle_detector' returned '0': PYTHONPATH=/doc/code/ROBO/obstacle_detector/src/obstacle_detector/build/obstacle_detector/prefix_override:/doc/code/ROBO/obstacle_detector/src/obstacle_detector/install/obstacle_detector/lib/python3.10/site-packages:${PYTHONPATH} /usr/bin/python3 setup.py egg_info --egg-base build/obstacle_detector build --build-base /doc/code/ROBO/obstacle_detector/src/obstacle_detector/build/obstacle_detector/build install --record /doc/code/ROBO/obstacle_detector/src/obstacle_detector/build/obstacle_detector/install.log --single-version-externally-managed[0m
[5.138s] [34mcolcon.colcon_core.environment[0m [1;30mLevel 1[0m checking '/doc/code/ROBO/obstacle_detector/src/obstacle_detector/install/obstacle_detector' for CMake module files
[5.138s] [34mcolcon.colcon_core.environment[0m [1;30mLevel 1[0m checking '/doc/code/ROBO/obstacle_detector/src/obstacle_detector/install/obstacle_detector' for CMake config files
[5.139s] [34mcolcon.colcon_core.environment[0m [1;30mLevel 1[0m checking '/doc/code/ROBO/obstacle_detector/src/obstacle_detector/install/obstacle_detector/lib'
[5.139s] [34mcolcon.colcon_core.environment[0m [1;30mLevel 1[0m checking '/doc/code/ROBO/obstacle_detector/src/obstacle_detector/install/obstacle_detector/bin'
[5.140s] [34mcolcon.colcon_core.environment[0m [1;30mLevel 1[0m checking '/doc/code/ROBO/obstacle_detector/src/obstacle_detector/install/obstacle_detector/lib/pkgconfig/obstacle_detector.pc'
[5.140s] [34mcolcon.colcon_core.environment[0m [1;30mLevel 1[0m checking '/doc/code/ROBO/obstacle_detector/src/obstacle_detector/install/obstacle_detector/lib/python3.10/site-packages'
[5.140s] [34mcolcon.colcon_core.shell[0m [1;30mLevel 1[0m create_environment_hook('obstacle_detector', 'pythonpath')
[5.171s] [34mcolcon.colcon_core.shell[0m [1;30mINFO[0m Creating environment hook '/doc/code/ROBO/obstacle_detector/src/obstacle_detector/install/obstacle_detector/share/obstacle_detector/hook/pythonpath.ps1'
[5.171s] [34mcolcon.colcon_core.shell[0m [1;30mINFO[0m Creating environment descriptor '/doc/code/ROBO/obstacle_detector/src/obstacle_detector/install/obstacle_detector/share/obstacle_detector/hook/pythonpath.dsv'
[5.171s] [34mcolcon.colcon_core.shell[0m [1;30mINFO[0m Creating environment hook '/doc/code/ROBO/obstacle_detector/src/obstacle_detector/install/obstacle_detector/share/obstacle_detector/hook/pythonpath.sh'
[5.172s] [34mcolcon.colcon_core.environment[0m [1;30mLevel 1[0m checking '/doc/code/ROBO/obstacle_detector/src/obstacle_detector/install/obstacle_detector/bin'
[5.172s] [34mcolcon.colcon_core.environment[0m [1;30mLevel 1[0m create_environment_scripts_only(obstacle_detector)
[5.202s] [34mcolcon.colcon_core.shell[0m [1;30mINFO[0m Creating package script '/doc/code/ROBO/obstacle_detector/src/obstacle_detector/install/obstacle_detector/share/obstacle_detector/package.ps1'
[5.203s] [34mcolcon.colcon_core.shell[0m [1;30mINFO[0m Creating package descriptor '/doc/code/ROBO/obstacle_detector/src/obstacle_detector/install/obstacle_detector/share/obstacle_detector/package.dsv'
[5.204s] [34mcolcon.colcon_core.shell[0m [1;30mINFO[0m Creating package script '/doc/code/ROBO/obstacle_detector/src/obstacle_detector/install/obstacle_detector/share/obstacle_detector/package.sh'
[5.204s] [34mcolcon.colcon_core.shell[0m [1;30mINFO[0m Creating package script '/doc/code/ROBO/obstacle_detector/src/obstacle_detector/install/obstacle_detector/share/obstacle_detector/package.bash'
[5.205s] [34mcolcon.colcon_core.shell[0m [1;30mINFO[0m Creating package script '/doc/code/ROBO/obstacle_detector/src/obstacle_detector/install/obstacle_detector/share/obstacle_detector/package.zsh'
[5.206s] [34mcolcon.colcon_core.environment[0m [1;30mLevel 1[0m create_file_with_runtime_dependencies(/doc/code/ROBO/obstacle_detector/src/obstacle_detector/install/obstacle_detector/share/colcon-core/packages/obstacle_detector)
[5.206s] [34mcolcon.colcon_parallel_executor.executor.parallel[0m [1;30mDEBUG[0m [32mclosing loop[0m
[5.207s] [34mcolcon.colcon_parallel_executor.executor.parallel[0m [1;30mDEBUG[0m [32mloop closed[0m
[5.207s] [34mcolcon.colcon_parallel_executor.executor.parallel[0m [1;30mDEBUG[0m [32mrun_until_complete finished with '0'[0m
[5.207s] [34mcolcon.colcon_core.event_reactor[0m [1;30mDEBUG[0m [32mjoining thread[0m
[5.244s] [34mcolcon.colcon_core.plugin_system[0m [1;30mINFO[0m Skipping extension 'colcon_notification.desktop_notification.notify_send': Could not find 'notify-send'
[5.244s] [34mcolcon.colcon_core.plugin_system[0m [1;30mINFO[0m Skipping extension 'colcon_notification.desktop_notification.terminal_notifier': Not used on non-Darwin systems
[5.244s] [34mcolcon.colcon_core.plugin_system[0m [1;30mINFO[0m Skipping extension 'colcon_notification.desktop_notification.win32': Not used on non-Windows systems
[5.244s] [34mcolcon.colcon_notification.desktop_notification[0m [1;30mINFO[0m Sending desktop notification using 'notify2'
[5.245s] [34mcolcon.colcon_notification.desktop_notification.notify2[0m [1;30mDEBUG[0m [32mFailed to initialize notify2: org.freedesktop.DBus.Error.ServiceUnknown: The name org.freedesktop.Notifications was not provided by any .service files[0m
[5.245s] [34mcolcon.colcon_core.event_reactor[0m [1;30mDEBUG[0m [32mjoined thread[0m
[5.276s] [34mcolcon.colcon_core.shell[0m [1;30mINFO[0m Creating prefix script '/doc/code/ROBO/obstacle_detector/src/obstacle_detector/install/local_setup.ps1'
[5.277s] [34mcolcon.colcon_core.shell[0m [1;30mINFO[0m Creating prefix util module '/doc/code/ROBO/obstacle_detector/src/obstacle_detector/install/_local_setup_util_ps1.py'
[5.279s] [34mcolcon.colcon_core.shell[0m [1;30mINFO[0m Creating prefix chain script '/doc/code/ROBO/obstacle_detector/src/obstacle_detector/install/setup.ps1'
[5.311s] [34mcolcon.colcon_core.shell[0m [1;30mINFO[0m Creating prefix script '/doc/code/ROBO/obstacle_detector/src/obstacle_detector/install/local_setup.sh'
[5.312s] [34mcolcon.colcon_core.shell[0m [1;30mINFO[0m Creating prefix util module '/doc/code/ROBO/obstacle_detector/src/obstacle_detector/install/_local_setup_util_sh.py'
[5.312s] [34mcolcon.colcon_core.shell[0m [1;30mINFO[0m Creating prefix chain script '/doc/code/ROBO/obstacle_detector/src/obstacle_detector/install/setup.sh'
[5.353s] [34mcolcon.colcon_core.shell[0m [1;30mINFO[0m Creating prefix script '/doc/code/ROBO/obstacle_detector/src/obstacle_detector/install/local_setup.bash'
[5.353s] [34mcolcon.colcon_core.shell[0m [1;30mINFO[0m Creating prefix chain script '/doc/code/ROBO/obstacle_detector/src/obstacle_detector/install/setup.bash'
[5.385s] [34mcolcon.colcon_core.shell[0m [1;30mINFO[0m Creating prefix script '/doc/code/ROBO/obstacle_detector/src/obstacle_detector/install/local_setup.zsh'
[5.385s] [34mcolcon.colcon_core.shell[0m [1;30mINFO[0m Creating prefix chain script '/doc/code/ROBO/obstacle_detector/src/obstacle_detector/install/setup.zsh'
